{"/Users/e.molina/Documents/CLIENTS/GLOBANt/React/academy-react/Leyrin-Aguilar/tarea-7/login.js": {"path":"/Users/e.molina/Documents/CLIENTS/GLOBANt/React/academy-react/Leyrin-Aguilar/tarea-7/login.js","all":false,"statementMap":{"0":{"start":{"line":1,"column":0},"end":{"line":1,"column":17}},"1":{"start":{"line":2,"column":0},"end":{"line":2,"column":3}},"2":{"start":{"line":3,"column":0},"end":{"line":3,"column":25}},"3":{"start":{"line":4,"column":0},"end":{"line":4,"column":25}},"4":{"start":{"line":5,"column":0},"end":{"line":5,"column":4}},"5":{"start":{"line":6,"column":0},"end":{"line":6,"column":3}},"6":{"start":{"line":7,"column":0},"end":{"line":7,"column":25}},"7":{"start":{"line":8,"column":0},"end":{"line":8,"column":22}},"8":{"start":{"line":9,"column":0},"end":{"line":9,"column":4}},"9":{"start":{"line":10,"column":0},"end":{"line":10,"column":2}},"10":{"start":{"line":11,"column":0},"end":{"line":11,"column":0}},"11":{"start":{"line":12,"column":0},"end":{"line":12,"column":15}},"12":{"start":{"line":13,"column":0},"end":{"line":13,"column":31}},"13":{"start":{"line":14,"column":0},"end":{"line":14,"column":64}},"14":{"start":{"line":15,"column":0},"end":{"line":15,"column":0}},"15":{"start":{"line":16,"column":0},"end":{"line":16,"column":51}},"16":{"start":{"line":17,"column":0},"end":{"line":17,"column":4}},"17":{"start":{"line":18,"column":0},"end":{"line":18,"column":0}},"18":{"start":{"line":19,"column":0},"end":{"line":19,"column":42}},"19":{"start":{"line":20,"column":0},"end":{"line":20,"column":64}},"20":{"start":{"line":21,"column":0},"end":{"line":21,"column":0}},"21":{"start":{"line":22,"column":0},"end":{"line":22,"column":15}},"22":{"start":{"line":23,"column":0},"end":{"line":23,"column":80}},"23":{"start":{"line":24,"column":0},"end":{"line":24,"column":35}},"24":{"start":{"line":25,"column":0},"end":{"line":25,"column":4}},"25":{"start":{"line":26,"column":0},"end":{"line":26,"column":2}},"26":{"start":{"line":27,"column":0},"end":{"line":27,"column":0}},"27":{"start":{"line":28,"column":0},"end":{"line":28,"column":23}}},"s":{"0":1,"1":1,"2":1,"3":1,"4":1,"5":1,"6":1,"7":1,"8":1,"9":1,"10":1,"11":1,"12":1,"13":1,"14":1,"15":1,"16":1,"17":1,"18":1,"19":1,"20":1,"21":1,"22":1,"23":1,"24":1,"25":1,"26":1,"27":1},"branchMap":{"0":{"type":"branch","line":13,"loc":{"start":{"line":13,"column":17},"end":{"line":17,"column":4}},"locations":[{"start":{"line":13,"column":17},"end":{"line":17,"column":4}}]},"1":{"type":"branch","line":16,"loc":{"start":{"line":16,"column":15},"end":{"line":16,"column":51}},"locations":[{"start":{"line":16,"column":15},"end":{"line":16,"column":51}}]},"2":{"type":"branch","line":14,"loc":{"start":{"line":14,"column":31},"end":{"line":14,"column":64}},"locations":[{"start":{"line":14,"column":31},"end":{"line":14,"column":64}}]},"3":{"type":"branch","line":19,"loc":{"start":{"line":19,"column":17},"end":{"line":25,"column":4}},"locations":[{"start":{"line":19,"column":17},"end":{"line":25,"column":4}}]},"4":{"type":"branch","line":23,"loc":{"start":{"line":23,"column":13},"end":{"line":23,"column":80}},"locations":[{"start":{"line":23,"column":13},"end":{"line":23,"column":80}}]},"5":{"type":"branch","line":24,"loc":{"start":{"line":24,"column":5},"end":{"line":24,"column":18}},"locations":[{"start":{"line":24,"column":5},"end":{"line":24,"column":18}}]},"6":{"type":"branch","line":20,"loc":{"start":{"line":20,"column":31},"end":{"line":20,"column":64}},"locations":[{"start":{"line":20,"column":31},"end":{"line":20,"column":64}}]}},"b":{"0":[1],"1":[0],"2":[1],"3":[1],"4":[0],"5":[0],"6":[1]},"fnMap":{"0":{"name":"validateUser","decl":{"start":{"line":13,"column":17},"end":{"line":17,"column":4}},"loc":{"start":{"line":13,"column":17},"end":{"line":17,"column":4}},"line":13},"1":{"name":"validateLogin","decl":{"start":{"line":19,"column":17},"end":{"line":25,"column":4}},"loc":{"start":{"line":19,"column":17},"end":{"line":25,"column":4}},"line":19}},"f":{"0":1,"1":1}}
}
