{"C:\\Users\\yefer.garcia\\Desktop\\project\\solidoct-proyect\\src\\test\\index.js": {"path":"C:\\Users\\yefer.garcia\\Desktop\\project\\solidoct-proyect\\src\\test\\index.js","all":false,"statementMap":{"0":{"start":{"line":1,"column":0},"end":{"line":1,"column":38}},"1":{"start":{"line":2,"column":0},"end":{"line":2,"column":37}},"2":{"start":{"line":3,"column":0},"end":{"line":3,"column":16}},"3":{"start":{"line":4,"column":0},"end":{"line":4,"column":10}},"4":{"start":{"line":5,"column":0},"end":{"line":5,"column":17}},"5":{"start":{"line":6,"column":0},"end":{"line":6,"column":3}},"6":{"start":{"line":7,"column":0},"end":{"line":7,"column":2}},"7":{"start":{"line":8,"column":0},"end":{"line":8,"column":0}},"8":{"start":{"line":9,"column":0},"end":{"line":9,"column":48}},"9":{"start":{"line":10,"column":0},"end":{"line":10,"column":34}},"10":{"start":{"line":11,"column":0},"end":{"line":11,"column":53}},"11":{"start":{"line":12,"column":0},"end":{"line":12,"column":16}},"12":{"start":{"line":13,"column":0},"end":{"line":13,"column":3}},"13":{"start":{"line":14,"column":0},"end":{"line":14,"column":15}},"14":{"start":{"line":15,"column":0},"end":{"line":15,"column":2}},"15":{"start":{"line":16,"column":0},"end":{"line":16,"column":0}},"16":{"start":{"line":17,"column":0},"end":{"line":17,"column":52}},"17":{"start":{"line":18,"column":0},"end":{"line":18,"column":38}},"18":{"start":{"line":19,"column":0},"end":{"line":19,"column":16}},"19":{"start":{"line":20,"column":0},"end":{"line":20,"column":3}},"20":{"start":{"line":21,"column":0},"end":{"line":21,"column":15}},"21":{"start":{"line":22,"column":0},"end":{"line":22,"column":2}},"22":{"start":{"line":23,"column":0},"end":{"line":23,"column":0}},"23":{"start":{"line":24,"column":0},"end":{"line":24,"column":32}},"24":{"start":{"line":25,"column":0},"end":{"line":25,"column":21}},"25":{"start":{"line":26,"column":0},"end":{"line":26,"column":68}},"26":{"start":{"line":27,"column":0},"end":{"line":27,"column":0}},"27":{"start":{"line":28,"column":0},"end":{"line":28,"column":67}},"28":{"start":{"line":29,"column":0},"end":{"line":29,"column":35}},"29":{"start":{"line":30,"column":0},"end":{"line":30,"column":16}},"30":{"start":{"line":31,"column":0},"end":{"line":31,"column":3}},"31":{"start":{"line":32,"column":0},"end":{"line":32,"column":15}},"32":{"start":{"line":33,"column":0},"end":{"line":33,"column":2}},"33":{"start":{"line":34,"column":0},"end":{"line":34,"column":0}},"34":{"start":{"line":35,"column":0},"end":{"line":35,"column":38}},"35":{"start":{"line":36,"column":0},"end":{"line":36,"column":42}},"36":{"start":{"line":37,"column":0},"end":{"line":37,"column":16}},"37":{"start":{"line":38,"column":0},"end":{"line":38,"column":3}},"38":{"start":{"line":39,"column":0},"end":{"line":39,"column":15}},"39":{"start":{"line":40,"column":0},"end":{"line":40,"column":2}},"40":{"start":{"line":41,"column":0},"end":{"line":41,"column":0}},"41":{"start":{"line":42,"column":0},"end":{"line":42,"column":45}},"42":{"start":{"line":43,"column":0},"end":{"line":43,"column":59}},"43":{"start":{"line":44,"column":0},"end":{"line":44,"column":16}},"44":{"start":{"line":45,"column":0},"end":{"line":45,"column":3}},"45":{"start":{"line":46,"column":0},"end":{"line":46,"column":15}},"46":{"start":{"line":47,"column":0},"end":{"line":47,"column":2}},"47":{"start":{"line":48,"column":0},"end":{"line":48,"column":0}},"48":{"start":{"line":49,"column":0},"end":{"line":49,"column":49}},"49":{"start":{"line":50,"column":0},"end":{"line":50,"column":30}},"50":{"start":{"line":51,"column":0},"end":{"line":51,"column":0}},"51":{"start":{"line":52,"column":0},"end":{"line":52,"column":25}},"52":{"start":{"line":53,"column":0},"end":{"line":53,"column":16}},"53":{"start":{"line":54,"column":0},"end":{"line":54,"column":3}},"54":{"start":{"line":55,"column":0},"end":{"line":55,"column":0}},"55":{"start":{"line":56,"column":0},"end":{"line":56,"column":15}},"56":{"start":{"line":57,"column":0},"end":{"line":57,"column":2}},"57":{"start":{"line":58,"column":0},"end":{"line":58,"column":0}},"58":{"start":{"line":59,"column":0},"end":{"line":59,"column":18}},"59":{"start":{"line":60,"column":0},"end":{"line":60,"column":14}},"60":{"start":{"line":61,"column":0},"end":{"line":61,"column":20}},"61":{"start":{"line":62,"column":0},"end":{"line":62,"column":28}},"62":{"start":{"line":63,"column":0},"end":{"line":63,"column":17}},"63":{"start":{"line":64,"column":0},"end":{"line":64,"column":30}},"64":{"start":{"line":65,"column":0},"end":{"line":65,"column":19}},"65":{"start":{"line":66,"column":0},"end":{"line":66,"column":16}},"66":{"start":{"line":67,"column":0},"end":{"line":67,"column":15}},"67":{"start":{"line":68,"column":0},"end":{"line":68,"column":2}}},"s":{"0":1,"1":4,"2":2,"3":2,"4":2,"5":2,"6":4,"7":1,"8":1,"9":2,"10":2,"11":1,"12":1,"13":1,"14":1,"15":1,"16":1,"17":2,"18":1,"19":1,"20":1,"21":1,"22":1,"23":1,"24":1,"25":1,"26":1,"27":1,"28":2,"29":1,"30":1,"31":1,"32":1,"33":1,"34":1,"35":1,"36":0,"37":0,"38":1,"39":1,"40":1,"41":1,"42":2,"43":1,"44":1,"45":1,"46":1,"47":1,"48":1,"49":1,"50":1,"51":1,"52":1,"53":1,"54":1,"55":1,"56":1,"57":1,"58":1,"59":1,"60":1,"61":1,"62":1,"63":1,"64":1,"65":1,"66":1,"67":1},"branchMap":{"0":{"type":"branch","line":1,"loc":{"start":{"line":1,"column":20},"end":{"line":7,"column":2}},"locations":[{"start":{"line":1,"column":20},"end":{"line":7,"column":2}}]},"1":{"type":"branch","line":2,"loc":{"start":{"line":2,"column":36},"end":{"line":6,"column":3}},"locations":[{"start":{"line":2,"column":36},"end":{"line":6,"column":3}}]},"2":{"type":"branch","line":9,"loc":{"start":{"line":9,"column":26},"end":{"line":15,"column":2}},"locations":[{"start":{"line":9,"column":26},"end":{"line":15,"column":2}}]},"3":{"type":"branch","line":11,"loc":{"start":{"line":11,"column":6},"end":{"line":11,"column":52}},"locations":[{"start":{"line":11,"column":6},"end":{"line":11,"column":52}}]},"4":{"type":"branch","line":11,"loc":{"start":{"line":11,"column":52},"end":{"line":15,"column":2}},"locations":[{"start":{"line":11,"column":52},"end":{"line":15,"column":2}}]},"5":{"type":"branch","line":17,"loc":{"start":{"line":17,"column":34},"end":{"line":22,"column":2}},"locations":[{"start":{"line":17,"column":34},"end":{"line":22,"column":2}}]},"6":{"type":"branch","line":18,"loc":{"start":{"line":18,"column":37},"end":{"line":22,"column":2}},"locations":[{"start":{"line":18,"column":37},"end":{"line":22,"column":2}}]},"7":{"type":"branch","line":24,"loc":{"start":{"line":24,"column":24},"end":{"line":25,"column":6}},"locations":[{"start":{"line":24,"column":24},"end":{"line":25,"column":6}}]},"8":{"type":"branch","line":25,"loc":{"start":{"line":25,"column":2},"end":{"line":25,"column":6}},"locations":[{"start":{"line":25,"column":2},"end":{"line":25,"column":6}}]},"9":{"type":"branch","line":26,"loc":{"start":{"line":26,"column":3},"end":{"line":26,"column":68}},"locations":[{"start":{"line":26,"column":3},"end":{"line":26,"column":68}}]},"10":{"type":"branch","line":28,"loc":{"start":{"line":28,"column":36},"end":{"line":33,"column":2}},"locations":[{"start":{"line":28,"column":36},"end":{"line":33,"column":2}}]},"11":{"type":"branch","line":29,"loc":{"start":{"line":29,"column":34},"end":{"line":33,"column":2}},"locations":[{"start":{"line":29,"column":34},"end":{"line":33,"column":2}}]},"12":{"type":"branch","line":35,"loc":{"start":{"line":35,"column":26},"end":{"line":40,"column":2}},"locations":[{"start":{"line":35,"column":26},"end":{"line":40,"column":2}}]},"13":{"type":"branch","line":36,"loc":{"start":{"line":36,"column":41},"end":{"line":38,"column":3}},"locations":[{"start":{"line":36,"column":41},"end":{"line":38,"column":3}}]},"14":{"type":"branch","line":42,"loc":{"start":{"line":42,"column":22},"end":{"line":47,"column":2}},"locations":[{"start":{"line":42,"column":22},"end":{"line":47,"column":2}}]},"15":{"type":"branch","line":43,"loc":{"start":{"line":43,"column":6},"end":{"line":43,"column":42}},"locations":[{"start":{"line":43,"column":6},"end":{"line":43,"column":42}}]},"16":{"type":"branch","line":43,"loc":{"start":{"line":43,"column":58},"end":{"line":47,"column":2}},"locations":[{"start":{"line":43,"column":58},"end":{"line":47,"column":2}}]},"17":{"type":"branch","line":49,"loc":{"start":{"line":49,"column":21},"end":{"line":57,"column":2}},"locations":[{"start":{"line":49,"column":21},"end":{"line":57,"column":2}}]}},"b":{"0":[4],"1":[2],"2":[2],"3":[1],"4":[1],"5":[2],"6":[1],"7":[2],"8":[1],"9":[0],"10":[2],"11":[1],"12":[1],"13":[0],"14":[2],"15":[1],"16":[1],"17":[1]},"fnMap":{"0":{"name":"verifyEmail","decl":{"start":{"line":1,"column":20},"end":{"line":7,"column":2}},"loc":{"start":{"line":1,"column":20},"end":{"line":7,"column":2}},"line":1},"1":{"name":"verifyphoneNumber","decl":{"start":{"line":9,"column":26},"end":{"line":15,"column":2}},"loc":{"start":{"line":9,"column":26},"end":{"line":15,"column":2}},"line":9},"2":{"name":"verifyCorporativeSolidoct","decl":{"start":{"line":17,"column":34},"end":{"line":22,"column":2}},"loc":{"start":{"line":17,"column":34},"end":{"line":22,"column":2}},"line":17},"3":{"name":"verifyPassword","decl":{"start":{"line":24,"column":24},"end":{"line":25,"column":6}},"loc":{"start":{"line":24,"column":24},"end":{"line":25,"column":6}},"line":24},"4":{"name":"verifyMatchBetweenPasswords","decl":{"start":{"line":28,"column":36},"end":{"line":33,"column":2}},"loc":{"start":{"line":28,"column":36},"end":{"line":33,"column":2}},"line":28},"5":{"name":"checkEmptyFields","decl":{"start":{"line":35,"column":26},"end":{"line":40,"column":2}},"loc":{"start":{"line":35,"column":26},"end":{"line":40,"column":2}},"line":35},"6":{"name":"validateBirth","decl":{"start":{"line":42,"column":22},"end":{"line":47,"column":2}},"loc":{"start":{"line":42,"column":22},"end":{"line":47,"column":2}},"line":42},"7":{"name":"validateName","decl":{"start":{"line":49,"column":21},"end":{"line":57,"column":2}},"loc":{"start":{"line":49,"column":21},"end":{"line":57,"column":2}},"line":49}},"f":{"0":4,"1":2,"2":2,"3":2,"4":2,"5":1,"6":2,"7":1}}
}
