TN:
SF:src\test\index.js
FN:1,verifyEmail
FN:9,verifyphoneNumber
FN:17,verifyCorporativeSolidoct
FN:24,verifyPassword
FN:28,verifyMatchBetweenPasswords
FN:35,checkEmptyFields
FN:42,validateBirth
FN:49,validateName
FNF:8
FNH:8
FNDA:4,verifyEmail
FNDA:2,verifyphoneNumber
FNDA:2,verifyCorporativeSolidoct
FNDA:2,verifyPassword
FNDA:2,verifyMatchBetweenPasswords
FNDA:1,checkEmptyFields
FNDA:2,validateBirth
FNDA:1,validateName
DA:1,1
DA:2,4
DA:3,2
DA:4,2
DA:5,2
DA:6,2
DA:7,4
DA:8,1
DA:9,1
DA:10,2
DA:11,2
DA:12,1
DA:13,1
DA:14,1
DA:15,1
DA:16,1
DA:17,1
DA:18,2
DA:19,1
DA:20,1
DA:21,1
DA:22,1
DA:23,1
DA:24,1
DA:25,1
DA:26,1
DA:27,1
DA:28,1
DA:29,2
DA:30,1
DA:31,1
DA:32,1
DA:33,1
DA:34,1
DA:35,1
DA:36,1
DA:37,0
DA:38,0
DA:39,1
DA:40,1
DA:41,1
DA:42,1
DA:43,2
DA:44,1
DA:45,1
DA:46,1
DA:47,1
DA:48,1
DA:49,1
DA:50,1
DA:51,1
DA:52,1
DA:53,1
DA:54,1
DA:55,1
DA:56,1
DA:57,1
DA:58,1
DA:59,1
DA:60,1
DA:61,1
DA:62,1
DA:63,1
DA:64,1
DA:65,1
DA:66,1
DA:67,1
DA:68,1
LF:68
LH:66
BRDA:1,0,0,4
BRDA:2,1,0,2
BRDA:9,2,0,2
BRDA:11,3,0,1
BRDA:11,4,0,1
BRDA:17,5,0,2
BRDA:18,6,0,1
BRDA:24,7,0,2
BRDA:25,8,0,1
BRDA:26,9,0,0
BRDA:28,10,0,2
BRDA:29,11,0,1
BRDA:35,12,0,1
BRDA:36,13,0,0
BRDA:42,14,0,2
BRDA:43,15,0,1
BRDA:43,16,0,1
BRDA:49,17,0,1
BRF:18
BRH:16
end_of_record
